  Building Custom Rule C:/Users/User/source/repos/ABI2026/st5-escape-to-eclipse/build/_deps/sfml-src/src/SFML/System/CMakeLists.txt
  Clock.cpp
  Err.cpp
  Lock.cpp
  Mutex.cpp
  Sleep.cpp
  String.cpp
  Thread.cpp
  ThreadLocal.cpp
  Time.cpp
  FileInputStream.cpp
  MemoryInputStream.cpp
  ClockImpl.cpp
  MutexImpl.cpp
  SleepImpl.cpp
  ThreadImpl.cpp
  ThreadLocalImpl.cpp
  Generating Code...
     Creating library C:/Users/User/source/repos/ABI2026/st5-escape-to-eclipse/build/lib/Debug/sfml-system-d.lib and object C:/Users/User/source/repos/ABI2026/st5-escape-to-eclipse/build/lib/Debug/sfml-system-d.exp
  sfml-system.vcxproj -> C:\Users\User\source\repos\ABI2026\st5-escape-to-eclipse\build\bin\Debug\sfml-system-d-2.dll
